<?xml version="1.0" encoding="UTF-8"?>
<!-- Generated by org.testng.reporters.JUnitReportReporter -->
<testsuite hostname="Mac.local" failures="0" tests="1" name="testCases.TC005_ProductCompare" time="3.311" errors="0" timestamp="2025-08-05T07:23:59 IST" skipped="0">
  <testcase classname="testCases.TC005_ProductCompare" name="testProductCompare" time="3.311"/>
</testsuite> <!-- testCases.TC005_ProductCompare -->
