<?xml version="1.0" encoding="UTF-8"?>
<!-- Generated by org.testng.reporters.JUnitReportReporter -->
<testsuite hostname="Mac.local" failures="0" tests="2" name="testCases.TC003_LoginDDD" time="22.179" errors="0" timestamp="2025-07-19T09:21:03 IST" skipped="0">
  <testcase classname="testCases.TC003_LoginDDD" name="verifyLoginDDT" time="11.387"/>
  <testcase classname="testCases.TC003_LoginDDD" name="verifyLoginDDT" time="10.792"/>
</testsuite> <!-- testCases.TC003_LoginDDD -->
