<?xml version="1.0" encoding="UTF-8"?>
<!-- Generated by org.testng.reporters.JUnitReportReporter -->
<testsuite hostname="Mac.local" failures="0" tests="1" name="testCases.TC006_ProductDisplay" time="13.256" errors="0" timestamp="2025-08-05T07:57:42 IST" skipped="0">
  <testcase classname="testCases.TC006_ProductDisplay" name="verifyProductsDisplayedThumbnail" time="13.256"/>
</testsuite> <!-- testCases.TC006_ProductDisplay -->
