<?xml version="1.0" encoding="UTF-8"?>
<!-- Generated by org.testng.reporters.JUnitReportReporter -->
<testsuite hostname="Mac.local" failures="0" tests="1" name="testCases.TC001_AccountRegisterationTest" time="1.672" errors="0" timestamp="2025-08-08T07:10:11 IST" skipped="0">
  <testcase classname="testCases.TC001_AccountRegisterationTest" name="validateErrorMsgEmptyData" time="1.672"/>
</testsuite> <!-- testCases.TC001_AccountRegisterationTest -->
