<?xml version="1.0" encoding="UTF-8"?>
<!-- Generated by org.testng.reporters.JUnitReportReporter -->
<testsuite hostname="Mac.local" failures="0" tests="1" name="testCases.TC005_ProductCompare" time="8.438" errors="0" timestamp="2025-07-26T16:25:01 IST" skipped="0">
  <testcase classname="testCases.TC005_ProductCompare" name="testProductCompare" time="8.438"/>
</testsuite> <!-- testCases.TC005_ProductCompare -->
