<?xml version="1.0" encoding="UTF-8"?>
<!-- Generated by org.testng.reporters.JUnitReportReporter -->
<testsuite hostname="Mac.local" failures="0" tests="1" name="testCases.TC002_Login_Test" time="1.206" errors="0" timestamp="2025-07-22T08:25:20 IST" skipped="0">
  <testcase classname="testCases.TC002_Login_Test" name="verifyLogin" time="1.206"/>
</testsuite> <!-- testCases.TC002_Login_Test -->
